Build started 13/05/2014 15:04:43.
     1>Project "c:\Users\zee\documents\visual studio 2010\Projects\simplecab\simplecab\simplecab.vcxproj" on node 2 (rebuild target(s)).
     1>_PrepareForClean:
         Deleting file "Debug\simplecab.lastbuildstate".
       InitializeBuildStatus:
         Creating "Debug\simplecab.unsuccessfulbuild" because "AlwaysCreate" was specified.
       ClCompile:
         C:\Program Files (x86)\Microsoft Visual Studio 10.0\VC\bin\CL.exe /c /IC:\opencv\build\include /ZI /nologo /W3 /WX- /Od /Oy- /D WIN32 /D _DEBUG /D _CONSOLE /D _UNICODE /D UNICODE /Gm /EHsc /RTC1 /MDd /GS /fp:precise /Zc:wchar_t /Zc:forScope /Yc"StdAfx.h" /Fp"Debug\simplecab.pch" /Fo"Debug\\" /Fd"Debug\vc100.pdb" /Gd /TP /analyze- /errorReport:prompt stdafx.cpp
         stdafx.cpp
         C:\Program Files (x86)\Microsoft Visual Studio 10.0\VC\bin\CL.exe /c /IC:\opencv\build\include /ZI /nologo /W3 /WX- /Od /Oy- /D WIN32 /D _DEBUG /D _CONSOLE /D _UNICODE /D UNICODE /Gm /EHsc /RTC1 /MDd /GS /fp:precise /Zc:wchar_t /Zc:forScope /Yu"StdAfx.h" /Fp"Debug\simplecab.pch" /Fo"Debug\\" /Fd"Debug\vc100.pdb" /Gd /TP /analyze- /errorReport:prompt simplecab.cpp
         simplecab.cpp
     1>c:\opencv\build\include\opencv2\flann\logger.h(66): warning C4996: 'fopen': This function or variable may be unsafe. Consider using fopen_s instead. To disable deprecation, use _CRT_SECURE_NO_WARNINGS. See online help for details.
                 c:\program files (x86)\microsoft visual studio 10.0\vc\include\stdio.h(234) : see declaration of 'fopen'
     1>c:\users\zee\documents\visual studio 2010\projects\simplecab\simplecab\simplecab.cpp(55): warning C4804: '<' : unsafe use of type 'bool' in operation
     1>c:\users\zee\documents\visual studio 2010\projects\simplecab\simplecab\simplecab.cpp(130): warning C4018: '<' : signed/unsigned mismatch
     1>c:\users\zee\documents\visual studio 2010\projects\simplecab\simplecab\simplecab.cpp(148): warning C4244: 'argument' : conversion from 'int' to 'float', possible loss of data
     1>c:\users\zee\documents\visual studio 2010\projects\simplecab\simplecab\simplecab.cpp(148): warning C4244: 'argument' : conversion from 'int' to 'float', possible loss of data
     1>c:\users\zee\documents\visual studio 2010\projects\simplecab\simplecab\simplecab.cpp(149): warning C4244: 'argument' : conversion from 'int' to 'float', possible loss of data
     1>c:\users\zee\documents\visual studio 2010\projects\simplecab\simplecab\simplecab.cpp(149): warning C4244: 'argument' : conversion from 'int' to 'float', possible loss of data
     1>c:\users\zee\documents\visual studio 2010\projects\simplecab\simplecab\simplecab.cpp(150): warning C4244: 'argument' : conversion from 'int' to 'float', possible loss of data
     1>c:\users\zee\documents\visual studio 2010\projects\simplecab\simplecab\simplecab.cpp(150): warning C4244: 'argument' : conversion from 'int' to 'float', possible loss of data
     1>c:\users\zee\documents\visual studio 2010\projects\simplecab\simplecab\simplecab.cpp(151): warning C4244: 'argument' : conversion from 'int' to 'float', possible loss of data
     1>c:\users\zee\documents\visual studio 2010\projects\simplecab\simplecab\simplecab.cpp(151): warning C4244: 'argument' : conversion from 'int' to 'float', possible loss of data
       ManifestResourceCompile:
         C:\Program Files (x86)\Microsoft SDKs\Windows\v7.0A\bin\rc.exe /nologo /fo"Debug\simplecab.exe.embed.manifest.res" Debug\simplecab_manifest.rc 
       Link:
         C:\Program Files (x86)\Microsoft Visual Studio 10.0\VC\bin\link.exe /ERRORREPORT:PROMPT /OUT:"c:\users\zee\documents\visual studio 2010\Projects\simplecab\Debug\simplecab.exe" /INCREMENTAL /NOLOGO /LIBPATH:C:\opencv\build\x86\vc10\lib kernel32.lib user32.lib gdi32.lib winspool.lib comdlg32.lib advapi32.lib shell32.lib ole32.lib oleaut32.lib uuid.lib odbc32.lib odbccp32.lib /MANIFEST /ManifestFile:"Debug\simplecab.exe.intermediate.manifest" /MANIFESTUAC:"level='asInvoker' uiAccess='false'" /DEBUG /PDB:"c:\users\zee\documents\visual studio 2010\Projects\simplecab\Debug\simplecab.pdb" /SUBSYSTEM:CONSOLE /TLBID:1 /DYNAMICBASE /NXCOMPAT /IMPLIB:"c:\users\zee\documents\visual studio 2010\Projects\simplecab\Debug\simplecab.lib" /MACHINE:X86 Debug\simplecab.exe.embed.manifest.res
         Debug\simplecab.obj
         Debug\stdafx.obj
     1>simplecab.obj : error LNK2019: unresolved external symbol "public: __thiscall cv::SURF::SURF(void)" (??0SURF@cv@@QAE@XZ) referenced in function _wmain
     1>simplecab.obj : error LNK2019: unresolved external symbol "public: __thiscall cv::SURF::SURF(double,int,int,bool,bool)" (??0SURF@cv@@QAE@NHH_N0@Z) referenced in function _wmain
     1>c:\users\zee\documents\visual studio 2010\Projects\simplecab\Debug\simplecab.exe : fatal error LNK1120: 2 unresolved externals
     1>Done Building Project "c:\Users\zee\documents\visual studio 2010\Projects\simplecab\simplecab\simplecab.vcxproj" (rebuild target(s)) -- FAILED.

Build FAILED.

Time Elapsed 00:00:05.25
